<?xml version="1.0" encoding="UTF-8"?>
<!-- Generated by org.testng.reporters.JUnitXMLReporter -->
<testsuite hostname="DESKTOP-JKBQG4G" ignored="2" name="Regression Test" tests="2" failures="0" timestamp="25 Jul 2020 17:03:21 GMT" time="22.534" errors="0">
  <testcase name="userCanUseContactUs" time="9.853" classname="tests.ContactUsTest"/>
  <testcase name="userCanSearchWithAutoSuggest" time="9.767" classname="tests.SearchPageUsingAutoSuggestTest"/>
  <testcase name="@BeforeSuite startDriver" time="0.0" classname="tests.TestBase">
    <ignored/>
  </testcase> <!-- @BeforeSuite startDriver -->
  <testcase name="@AfterSuite stopDriver" time="0.0" classname="tests.TestBase">
    <ignored/>
  </testcase> <!-- @AfterSuite stopDriver -->
</testsuite> <!-- Regression Test -->
