<?xml version="1.0" encoding="UTF-8"?>
<!-- Generated by org.testng.reporters.JUnitXMLReporter -->
<testsuite hostname="DESKTOP-JKBQG4G" ignored="2" name="Regression Test" tests="2" failures="0" timestamp="23 Jul 2020 21:28:12 GMT" time="34.307" errors="0">
  <testcase name="userCanUseContactUs" time="13.653" classname="tests.ContactUsTest"/>
  <testcase name="userCanSearchWithAutoSuggest" time="13.431" classname="tests.SearchPageUsingAutoSuggestTest"/>
  <testcase name="@BeforeSuite startDriver" time="0.0" classname="tests.TestBase">
    <ignored/>
  </testcase> <!-- @BeforeSuite startDriver -->
  <testcase name="@AfterSuite stopDriver" time="0.0" classname="tests.TestBase">
    <ignored/>
  </testcase> <!-- @AfterSuite stopDriver -->
</testsuite> <!-- Regression Test -->
